# JRE version: Java(TM) SE Runtime Environment (7.0_60-b19) (build 1.7.0_60-b19)
# Java VM: Java HotSpot(TM) 64-Bit Server VM (24.60-b09 mixed mode windows-amd64 compressed oops)
Heap
 PSYoungGen      total 308224K, used 271111K [0x00000000eaa80000, 0x00000000fff80000, 0x0000000100000000)
  eden space 266240K, 96% used [0x00000000eaa80000,0x00000000fa60d570,0x00000000fae80000)
  from space 41984K, 32% used [0x00000000fd680000,0x00000000fe3b49f8,0x00000000fff80000)
  to   space 40960K, 0% used [0x00000000fae80000,0x00000000fae80000,0x00000000fd680000)
 ParOldGen       total 149504K, used 103382K [0x00000000c0000000, 0x00000000c9200000, 0x00000000eaa80000)
  object space 149504K, 69% used [0x00000000c0000000,0x00000000c64f5860,0x00000000c9200000)
 PSPermGen       total 113664K, used 85055K [0x00000000b0000000, 0x00000000b6f00000, 0x00000000c0000000)
  object space 113664K, 74% used [0x00000000b0000000,0x00000000b530ffd0,0x00000000b6f00000)
GC Heap History (10 events):
Event: 89.240 GC heap before
{Heap before GC invocations=14 (full 2):
 PSYoungGen      total 250880K, used 240128K [0x00000000eaa80000, 0x00000000feb00000, 0x0000000100000000)
  eden space 240128K, 100% used [0x00000000eaa80000,0x00000000f9500000,0x00000000f9500000)
  from space 10752K, 0% used [0x00000000f9f80000,0x00000000f9f80000,0x00000000faa00000)
  to   space 44032K, 0% used [0x00000000fc000000,0x00000000fc000000,0x00000000feb00000)
 ParOldGen       total 149504K, used 78829K [0x00000000c0000000, 0x00000000c9200000, 0x00000000eaa80000)
  object space 149504K, 52% used [0x00000000c0000000,0x00000000c4cfb770,0x00000000c9200000)
 PSPermGen       total 113664K, used 65136K [0x00000000b0000000, 0x00000000b6f00000, 0x00000000c0000000)
  object space 113664K, 57% used [0x00000000b0000000,0x00000000b3f9c280,0x00000000b6f00000)
Event: 89.257 GC heap after
Heap after GC invocations=14 (full 2):
 PSYoungGen      total 286720K, used 17542K [0x00000000eaa80000, 0x0000000100000000, 0x0000000100000000)
  eden space 242688K, 0% used [0x00000000eaa80000,0x00000000eaa80000,0x00000000f9780000)
  from space 44032K, 39% used [0x00000000fc000000,0x00000000fd121a50,0x00000000feb00000)
  to   space 41472K, 0% used [0x00000000f9780000,0x00000000f9780000,0x00000000fc000000)
 ParOldGen       total 149504K, used 78829K [0x00000000c0000000, 0x00000000c9200000, 0x00000000eaa80000)
  object space 149504K, 52% used [0x00000000c0000000,0x00000000c4cfb770,0x00000000c9200000)
 PSPermGen       total 113664K, used 65136K [0x00000000b0000000, 0x00000000b6f00000, 0x00000000c0000000)
  object space 113664K, 57% used [0x00000000b0000000,0x00000000b3f9c280,0x00000000b6f00000)
}
Event: 92.565 GC heap before
{Heap before GC invocations=15 (full 2):
 PSYoungGen      total 286720K, used 260230K [0x00000000eaa80000, 0x0000000100000000, 0x0000000100000000)
  eden space 242688K, 100% used [0x00000000eaa80000,0x00000000f9780000,0x00000000f9780000)
  from space 44032K, 39% used [0x00000000fc000000,0x00000000fd121a50,0x00000000feb00000)
  to   space 41472K, 0% used [0x00000000f9780000,0x00000000f9780000,0x00000000fc000000)
 ParOldGen       total 149504K, used 78829K [0x00000000c0000000, 0x00000000c9200000, 0x00000000eaa80000)
  object space 149504K, 52% used [0x00000000c0000000,0x00000000c4cfb770,0x00000000c9200000)
 PSPermGen       total 113664K, used 65367K [0x00000000b0000000, 0x00000000b6f00000, 0x00000000c0000000)
  object space 113664K, 57% used [0x00000000b0000000,0x00000000b3fd5e58,0x00000000b6f00000)
Event: 92.576 GC heap after
Heap after GC invocations=15 (full 2):
 PSYoungGen      total 284160K, used 9611K [0x00000000eaa80000, 0x00000000ffc80000, 0x0000000100000000)
  eden space 242688K, 0% used [0x00000000eaa80000,0x00000000eaa80000,0x00000000f9780000)
  from space 41472K, 23% used [0x00000000f9780000,0x00000000fa0e2ee0,0x00000000fc000000)
  to   space 40960K, 0% used [0x00000000fd480000,0x00000000fd480000,0x00000000ffc80000)
 ParOldGen       total 149504K, used 82166K [0x00000000c0000000, 0x00000000c9200000, 0x00000000eaa80000)
  object space 149504K, 54% used [0x00000000c0000000,0x00000000c503d970,0x00000000c9200000)
 PSPermGen       total 113664K, used 65367K [0x00000000b0000000, 0x00000000b6f00000, 0x00000000c0000000)
  object space 113664K, 57% used [0x00000000b0000000,0x00000000b3fd5e58,0x00000000b6f00000)
}
Event: 96.593 GC heap before
{Heap before GC invocations=16 (full 2):
 PSYoungGen      total 284160K, used 252299K [0x00000000eaa80000, 0x00000000ffc80000, 0x0000000100000000)
  eden space 242688K, 100% used [0x00000000eaa80000,0x00000000f9780000,0x00000000f9780000)
  from space 41472K, 23% used [0x00000000f9780000,0x00000000fa0e2ee0,0x00000000fc000000)
  to   space 40960K, 0% used [0x00000000fd480000,0x00000000fd480000,0x00000000ffc80000)
 ParOldGen       total 149504K, used 82166K [0x00000000c0000000, 0x00000000c9200000, 0x00000000eaa80000)
  object space 149504K, 54% used [0x00000000c0000000,0x00000000c503d970,0x00000000c9200000)
 PSPermGen       total 113664K, used 67626K [0x00000000b0000000, 0x00000000b6f00000, 0x00000000c0000000)
  object space 113664K, 59% used [0x00000000b0000000,0x00000000b420aa00,0x00000000b6f00000)
Event: 96.604 GC heap after
Heap after GC invocations=16 (full 2):
 PSYoungGen      total 241152K, used 8118K [0x00000000eaa80000, 0x00000000fdc80000, 0x0000000100000000)
  eden space 232960K, 0% used [0x00000000eaa80000,0x00000000eaa80000,0x00000000f8e00000)
  from space 8192K, 99% used [0x00000000fd480000,0x00000000fdc6d958,0x00000000fdc80000)
  to   space 39936K, 0% used [0x00000000f8e80000,0x00000000f8e80000,0x00000000fb580000)
 ParOldGen       total 149504K, used 85466K [0x00000000c0000000, 0x00000000c9200000, 0x00000000eaa80000)
  object space 149504K, 57% used [0x00000000c0000000,0x00000000c53769a0,0x00000000c9200000)
 PSPermGen       total 113664K, used 67626K [0x00000000b0000000, 0x00000000b6f00000, 0x00000000c0000000)
  object space 113664K, 59% used [0x00000000b0000000,0x00000000b420aa00,0x00000000b6f00000)
}
Event: 98.686 GC heap before
{Heap before GC invocations=17 (full 2):
 PSYoungGen      total 241152K, used 241078K [0x00000000eaa80000, 0x00000000fdc80000, 0x0000000100000000)
  eden space 232960K, 100% used [0x00000000eaa80000,0x00000000f8e00000,0x00000000f8e00000)
  from space 8192K, 99% used [0x00000000fd480000,0x00000000fdc6d958,0x00000000fdc80000)
  to   space 39936K, 0% used [0x00000000f8e80000,0x00000000f8e80000,0x00000000fb580000)
 ParOldGen       total 149504K, used 85466K [0x00000000c0000000, 0x00000000c9200000, 0x00000000eaa80000)
  object space 149504K, 57% used [0x00000000c0000000,0x00000000c53769a0,0x00000000c9200000)
 PSPermGen       total 113664K, used 74857K [0x00000000b0000000, 0x00000000b6f00000, 0x00000000c0000000)
  object space 113664K, 65% used [0x00000000b0000000,0x00000000b491a400,0x00000000b6f00000)
Event: 98.726 GC heap after
Heap after GC invocations=17 (full 2):
 PSYoungGen      total 273408K, used 29033K [0x00000000eaa80000, 0x0000000100000000, 0x0000000100000000)
  eden space 233472K, 0% used [0x00000000eaa80000,0x00000000eaa80000,0x00000000f8e80000)
  from space 39936K, 72% used [0x00000000f8e80000,0x00000000faada7f0,0x00000000fb580000)
  to   space 42496K, 0% used [0x00000000fd680000,0x00000000fd680000,0x0000000100000000)
 ParOldGen       total 149504K, used 85466K [0x00000000c0000000, 0x00000000c9200000, 0x00000000eaa80000)
  object space 149504K, 57% used [0x00000000c0000000,0x00000000c53769a0,0x00000000c9200000)
 PSPermGen       total 113664K, used 74857K [0x00000000b0000000, 0x00000000b6f00000, 0x00000000c0000000)
  object space 113664K, 65% used [0x00000000b0000000,0x00000000b491a400,0x00000000b6f00000)
}
Event: 225.718 GC heap before
{Heap before GC invocations=18 (full 2):
 PSYoungGen      total 273408K, used 262505K [0x00000000eaa80000, 0x0000000100000000, 0x0000000100000000)
  eden space 233472K, 100% used [0x00000000eaa80000,0x00000000f8e80000,0x00000000f8e80000)
  from space 39936K, 72% used [0x00000000f8e80000,0x00000000faada7f0,0x00000000fb580000)
  to   space 42496K, 0% used [0x00000000fd680000,0x00000000fd680000,0x0000000100000000)
 ParOldGen       total 149504K, used 85466K [0x00000000c0000000, 0x00000000c9200000, 0x00000000eaa80000)
  object space 149504K, 57% used [0x00000000c0000000,0x00000000c53769a0,0x00000000c9200000)
 PSPermGen       total 113664K, used 80691K [0x00000000b0000000, 0x00000000b6f00000, 0x00000000c0000000)
  object space 113664K, 70% used [0x00000000b0000000,0x00000000b4eccee0,0x00000000b6f00000)
Event: 225.741 GC heap after
Heap after GC invocations=18 (full 2):
 PSYoungGen      total 308224K, used 13522K [0x00000000eaa80000, 0x00000000fff80000, 0x0000000100000000)
  eden space 266240K, 0% used [0x00000000eaa80000,0x00000000eaa80000,0x00000000fae80000)
  from space 41984K, 32% used [0x00000000fd680000,0x00000000fe3b49f8,0x00000000fff80000)
  to   space 40960K, 0% used [0x00000000fae80000,0x00000000fae80000,0x00000000fd680000)
 ParOldGen       total 149504K, used 103382K [0x00000000c0000000, 0x00000000c9200000, 0x00000000eaa80000)
  object space 149504K, 69% used [0x00000000c0000000,0x00000000c64f5860,0x00000000c9200000)
 PSPermGen       total 113664K, used 80691K [0x00000000b0000000, 0x00000000b6f00000, 0x00000000c0000000)
  object space 113664K, 70% used [0x00000000b0000000,0x00000000b4eccee0,0x00000000b6f00000)
}

